[2021-03-21 18:53:56.716] [sharedprocess] [info] Starting to clean up unused language packs.
[2021-03-21 18:53:56.721] [sharedprocess] [info] Skipping directory 1cbc3d1d810c483438acfa23452fdb2b.ru. Language pack still in use.
[2021-03-21 18:57:39.317] [sharedprocess] [info] Installing extension: onecentlin.laravel5-snippets
[2021-03-21 18:57:40.168] [sharedprocess] [info] Downloaded extension: onecentlin.laravel5-snippets undefined
[2021-03-21 18:57:40.435] [sharedprocess] [info] Extracted extension to /home/dimas/.vscode-oss/extensions/.onecentlin.laravel5-snippets-1.11.0: onecentlin.laravel5-snippets
[2021-03-21 18:57:40.436] [sharedprocess] [info] Renamed to /home/dimas/.vscode-oss/extensions/onecentlin.laravel5-snippets-1.11.0
[2021-03-21 18:57:40.439] [sharedprocess] [info] Installation completed. onecentlin.laravel5-snippets
[2021-03-21 18:57:40.464] [sharedprocess] [info] Extensions installed successfully: onecentlin.laravel5-snippets
[2021-03-21 19:00:56.541] [sharedprocess] [info] Installing extension: pkief.material-icon-theme
[2021-03-21 19:00:57.394] [sharedprocess] [info] Downloaded extension: pkief.material-icon-theme undefined
[2021-03-21 19:01:01.206] [sharedprocess] [info] Extracted extension to /home/dimas/.vscode-oss/extensions/.pkief.material-icon-theme-4.6.0: pkief.material-icon-theme
[2021-03-21 19:01:01.207] [sharedprocess] [info] Renamed to /home/dimas/.vscode-oss/extensions/pkief.material-icon-theme-4.6.0
[2021-03-21 19:01:01.213] [sharedprocess] [info] Installation completed. pkief.material-icon-theme
[2021-03-21 19:01:01.229] [sharedprocess] [info] Extensions installed successfully: pkief.material-icon-theme
[2021-03-21 19:01:17.923] [sharedprocess] [info] Installing extension: akamud.vscode-theme-onedark
[2021-03-21 19:01:18.374] [sharedprocess] [info] Downloaded extension: akamud.vscode-theme-onedark undefined
[2021-03-21 19:01:18.428] [sharedprocess] [info] Extracted extension to /home/dimas/.vscode-oss/extensions/.akamud.vscode-theme-onedark-2.2.3: akamud.vscode-theme-onedark
[2021-03-21 19:01:18.429] [sharedprocess] [info] Renamed to /home/dimas/.vscode-oss/extensions/akamud.vscode-theme-onedark-2.2.3
[2021-03-21 19:01:18.433] [sharedprocess] [info] Installation completed. akamud.vscode-theme-onedark
[2021-03-21 19:01:18.449] [sharedprocess] [info] Extensions installed successfully: akamud.vscode-theme-onedark
[2021-03-21 19:11:38.904] [sharedprocess] [info] Installing extension: formulahendry.auto-close-tag
[2021-03-21 19:11:39.719] [sharedprocess] [info] Downloaded extension: formulahendry.auto-close-tag undefined
[2021-03-21 19:11:39.799] [sharedprocess] [info] Extracted extension to /home/dimas/.vscode-oss/extensions/.formulahendry.auto-close-tag-0.5.10: formulahendry.auto-close-tag
[2021-03-21 19:11:39.799] [sharedprocess] [info] Renamed to /home/dimas/.vscode-oss/extensions/formulahendry.auto-close-tag-0.5.10
[2021-03-21 19:11:39.801] [sharedprocess] [info] Installation completed. formulahendry.auto-close-tag
[2021-03-21 19:11:39.817] [sharedprocess] [info] Extensions installed successfully: formulahendry.auto-close-tag
[2021-03-21 19:11:40.779] [sharedprocess] [info] Installing extension: formulahendry.auto-rename-tag
[2021-03-21 19:11:41.477] [sharedprocess] [info] Downloaded extension: formulahendry.auto-rename-tag undefined
[2021-03-21 19:11:41.559] [sharedprocess] [info] Extracted extension to /home/dimas/.vscode-oss/extensions/.formulahendry.auto-rename-tag-0.1.6: formulahendry.auto-rename-tag
[2021-03-21 19:11:41.559] [sharedprocess] [info] Renamed to /home/dimas/.vscode-oss/extensions/formulahendry.auto-rename-tag-0.1.6
[2021-03-21 19:11:41.561] [sharedprocess] [info] Installation completed. formulahendry.auto-rename-tag
[2021-03-21 19:11:41.573] [sharedprocess] [info] Extensions installed successfully: formulahendry.auto-rename-tag
[2021-03-21 19:14:11.136] [sharedprocess] [info] Installing extension: esbenp.prettier-vscode
[2021-03-21 19:14:13.163] [sharedprocess] [info] Downloaded extension: esbenp.prettier-vscode undefined
[2021-03-21 19:14:14.835] [sharedprocess] [info] Extracted extension to /home/dimas/.vscode-oss/extensions/.esbenp.prettier-vscode-6.3.1: esbenp.prettier-vscode
[2021-03-21 19:14:14.836] [sharedprocess] [info] Renamed to /home/dimas/.vscode-oss/extensions/esbenp.prettier-vscode-6.3.1
[2021-03-21 19:14:14.841] [sharedprocess] [info] Installation completed. esbenp.prettier-vscode
[2021-03-21 19:14:14.860] [sharedprocess] [info] Extensions installed successfully: esbenp.prettier-vscode
