Поиск git в: git
Используется git 2.31.0 из git
> git rev-parse --git-dir
Open repository: /home/dimas/Downloads/api
> git status -z -u
> git symbolic-ref --short HEAD
> git for-each-ref --format=%(refname)%00%(upstream:short)%00%(upstream:track)%00%(objectname) refs/heads/master refs/remotes/master
> git for-each-ref --sort -committerdate --format %(refname) %(objectname) %(*objectname)
> git remote --verbose
Warning: Failed to watch ref '/home/dimas/Downloads/api/.git/refs/remotes/origin/master', is most likely packed.
> git config --get commit.template
> git show --textconv :example/oauth-authorization-code/.gitignore
> git ls-files --stage -- /home/dimas/Downloads/api/example/oauth-authorization-code/.gitignore
> git cat-file -s 7154f4539051c237055f27dc86e2ee61e817c72e
> git check-ignore -v -z --stdin
> git fetch
> git status -z -u
> git symbolic-ref --short HEAD
> git for-each-ref --format=%(refname)%00%(upstream:short)%00%(upstream:track)%00%(objectname) refs/heads/master refs/remotes/master
> git for-each-ref --sort -committerdate --format %(refname) %(objectname) %(*objectname)
> git remote --verbose
Warning: Failed to watch ref '/home/dimas/Downloads/api/.git/refs/remotes/origin/master', is most likely packed.
> git config --get commit.template
> git ls-files --stage -- /home/dimas/Downloads/api/example/oauth-authorization-code/.gitignore
> git cat-file -s 7154f4539051c237055f27dc86e2ee61e817c72e
> git show --textconv :example/oauth-authorization-code/.gitignore
