[2021-03-21 22:02:23.697] [exthost] [info] extension host started
[2021-03-21 22:02:24.039] [exthost] [info] ExtensionService#_doActivateExtension vscode.debug-auto-launch {"startup":true,"extensionId":{"value":"vscode.debug-auto-launch","_lower":"vscode.debug-auto-launch"},"activationEvent":"*"}
[2021-03-21 22:02:24.039] [exthost] [info] ExtensionService#loadCommonJSModule file:///usr/lib/code/extensions/debug-auto-launch/dist/extension
[2021-03-21 22:02:24.046] [exthost] [info] ExtensionService#_doActivateExtension vscode.git {"startup":true,"extensionId":{"value":"vscode.github","_lower":"vscode.github"},"activationEvent":"*"}
[2021-03-21 22:02:24.046] [exthost] [info] ExtensionService#loadCommonJSModule file:///usr/lib/code/extensions/git/dist/main
[2021-03-21 22:02:24.087] [exthost] [info] ExtensionService#_doActivateExtension CoenraadS.bracket-pair-colorizer-2 {"startup":true,"extensionId":{"value":"CoenraadS.bracket-pair-colorizer-2","_lower":"coenraads.bracket-pair-colorizer-2"},"activationEvent":"*"}
[2021-03-21 22:02:24.087] [exthost] [info] ExtensionService#loadCommonJSModule file:///home/dimas/.vscode-oss/extensions/coenraads.bracket-pair-colorizer-2-0.2.0/out/src/extension
[2021-03-21 22:02:24.111] [exthost] [info] ExtensionService#_doActivateExtension formulahendry.auto-close-tag {"startup":true,"extensionId":{"value":"formulahendry.auto-close-tag","_lower":"formulahendry.auto-close-tag"},"activationEvent":"*"}
[2021-03-21 22:02:24.111] [exthost] [info] ExtensionService#loadCommonJSModule file:///home/dimas/.vscode-oss/extensions/formulahendry.auto-close-tag-0.5.10/out/src/extension
[2021-03-21 22:02:24.113] [exthost] [info] ExtensionService#_doActivateExtension formulahendry.auto-rename-tag {"startup":true,"extensionId":{"value":"formulahendry.auto-rename-tag","_lower":"formulahendry.auto-rename-tag"},"activationEvent":"*"}
[2021-03-21 22:02:24.113] [exthost] [info] ExtensionService#loadCommonJSModule file:///home/dimas/.vscode-oss/extensions/formulahendry.auto-rename-tag-0.1.6/packages/extension/dist/extensionMain.js
[2021-03-21 22:02:24.124] [exthost] [info] ExtensionService#_doActivateExtension naumovs.color-highlight {"startup":true,"extensionId":{"value":"naumovs.color-highlight","_lower":"naumovs.color-highlight"},"activationEvent":"*"}
[2021-03-21 22:02:24.124] [exthost] [info] ExtensionService#loadCommonJSModule file:///home/dimas/.vscode-oss/extensions/naumovs.color-highlight-2.3.0/dist/extension
[2021-03-21 22:02:24.134] [exthost] [info] ExtensionService#_doActivateExtension PKief.material-icon-theme {"startup":true,"extensionId":{"value":"PKief.material-icon-theme","_lower":"pkief.material-icon-theme"},"activationEvent":"*"}
[2021-03-21 22:02:24.134] [exthost] [info] ExtensionService#loadCommonJSModule file:///home/dimas/.vscode-oss/extensions/pkief.material-icon-theme-4.6.0/dist/extension
[2021-03-21 22:02:24.150] [exthost] [info] ExtensionService#_doActivateExtension vscode.npm {"startup":true,"extensionId":{"value":"vscode.npm","_lower":"vscode.npm"},"activationEvent":"workspaceContains:package.json"}
[2021-03-21 22:02:24.151] [exthost] [info] ExtensionService#loadCommonJSModule file:///usr/lib/code/extensions/npm/dist/npmMain
[2021-03-21 22:02:24.579] [exthost] [info] ExtensionService#_doActivateExtension ms-vscode.js-debug {"startup":false,"extensionId":{"value":"ms-vscode.js-debug","_lower":"ms-vscode.js-debug"},"activationEvent":"onCommand:extension.js-debug.clearAutoAttachVariables"}
[2021-03-21 22:02:24.579] [exthost] [info] ExtensionService#loadCommonJSModule file:///usr/lib/code/extensions/ms-vscode.js-debug/src/extension.js
[2021-03-21 22:02:24.741] [exthost] [info] ExtensionService#_doActivateExtension vscode.github {"startup":false,"extensionId":{"value":"vscode.github","_lower":"vscode.github"},"activationEvent":"*"}
[2021-03-21 22:02:24.741] [exthost] [info] ExtensionService#loadCommonJSModule file:///usr/lib/code/extensions/github/dist/extension.js
[2021-03-21 22:02:24.787] [exthost] [info] eager extensions activated
[2021-03-21 22:02:24.817] [exthost] [info] ExtensionService#_doActivateExtension vscode.emmet {"startup":false,"extensionId":{"value":"vscode.emmet","_lower":"vscode.emmet"},"activationEvent":"onStartupFinished"}
[2021-03-21 22:02:24.817] [exthost] [info] ExtensionService#loadCommonJSModule file:///usr/lib/code/extensions/emmet/dist/node/emmetNodeMain
[2021-03-21 22:02:24.830] [exthost] [info] ExtensionService#_doActivateExtension vscode.merge-conflict {"startup":false,"extensionId":{"value":"vscode.merge-conflict","_lower":"vscode.merge-conflict"},"activationEvent":"onStartupFinished"}
[2021-03-21 22:02:24.830] [exthost] [info] ExtensionService#loadCommonJSModule file:///usr/lib/code/extensions/merge-conflict/dist/mergeConflictMain
[2021-03-21 22:02:24.836] [exthost] [info] ExtensionService#_doActivateExtension vscode.testing-editor-contributions {"startup":false,"extensionId":{"value":"vscode.testing-editor-contributions","_lower":"vscode.testing-editor-contributions"},"activationEvent":"onStartupFinished"}
[2021-03-21 22:02:24.836] [exthost] [info] ExtensionService#loadCommonJSModule file:///usr/lib/code/extensions/testing-editor-contributions/dist/extension.js
[2021-03-21 22:02:24.838] [exthost] [info] ExtensionService#_doActivateExtension esbenp.prettier-vscode {"startup":false,"extensionId":{"value":"esbenp.prettier-vscode","_lower":"esbenp.prettier-vscode"},"activationEvent":"onStartupFinished"}
[2021-03-21 22:02:24.838] [exthost] [info] ExtensionService#loadCommonJSModule file:///home/dimas/.vscode-oss/extensions/esbenp.prettier-vscode-6.3.1/dist/extension
[2021-03-21 22:03:01.887] [exthost] [info] ExtensionService#_doActivateExtension vscode.php-language-features {"startup":false,"extensionId":{"value":"vscode.php-language-features","_lower":"vscode.php-language-features"},"activationEvent":"onLanguage:php"}
[2021-03-21 22:03:01.887] [exthost] [info] ExtensionService#loadCommonJSModule file:///usr/lib/code/extensions/php-language-features/dist/phpMain
[2021-03-21 22:04:20.099] [exthost] [info] extension host terminating: received terminate message from renderer
[2021-03-21 22:04:21.131] [exthost] [info] exiting with code 0
