Поиск git в: git
Используется git 2.31.0 из git
> git rev-parse --git-dir
Open repository: /home/dimas/Nextcloud/Linux/dotfiles
> git status -z -u
> git symbolic-ref --short HEAD
> git for-each-ref --format=%(refname)%00%(upstream:short)%00%(upstream:track)%00%(objectname) refs/heads/master refs/remotes/master
> git for-each-ref --sort -committerdate --format %(refname) %(objectname) %(*objectname)
> git remote --verbose
> git config --get commit.template
> git check-ignore -v -z --stdin
> git check-ignore -v -z --stdin
> git show --textconv HEAD:config/polybar/config
> git ls-tree -l HEAD -- /home/dimas/Nextcloud/Linux/dotfiles/config/polybar/config
> git check-ignore -v -z --stdin
> git ls-tree -l HEAD -- /home/dimas/Nextcloud/Linux/dotfiles/config/polybar/config
> git ls-tree -l HEAD -- /home/dimas/Nextcloud/Linux/dotfiles/config/polybar/config
> git ls-tree -l HEAD -- /home/dimas/Nextcloud/Linux/dotfiles/config/polybar/config
git.stage 1
git.stage.scmResources 1
> git add -A -- /home/dimas/Nextcloud/Linux/dotfiles/config/polybar/config
> git status -z -u
> git symbolic-ref --short HEAD
> git for-each-ref --format=%(refname)%00%(upstream:short)%00%(upstream:track)%00%(objectname) refs/heads/master refs/remotes/master
> git for-each-ref --sort -committerdate --format %(refname) %(objectname) %(*objectname)
> git remote --verbose
> git config --get commit.template
> git ls-files --stage -- /home/dimas/Nextcloud/Linux/dotfiles/config/polybar/config
> git cat-file -s fa211bb7b8a64c324941dabd6e5f168aa71bca36
> git show --textconv :config/polybar/config
> git status -z -u
> git symbolic-ref --short HEAD
> git for-each-ref --format=%(refname)%00%(upstream:short)%00%(upstream:track)%00%(objectname) refs/heads/master refs/remotes/master
> git for-each-ref --sort -committerdate --format %(refname) %(objectname) %(*objectname)
> git remote --verbose
> git config --get commit.template
> git show --textconv HEAD:config/polybar/config
> git show --textconv :config/polybar/config
> git ls-tree -l HEAD -- /home/dimas/Nextcloud/Linux/dotfiles/config/polybar/config
> git ls-files --stage -- /home/dimas/Nextcloud/Linux/dotfiles/config/polybar/config
> git cat-file -s fa211bb7b8a64c324941dabd6e5f168aa71bca36
> git check-ignore -v -z --stdin
> git -c user.useConfigOnly=true commit --quiet --allow-empty-message --file -
> git status -z -u
> git symbolic-ref --short HEAD
> git for-each-ref --format=%(refname)%00%(upstream:short)%00%(upstream:track)%00%(objectname) refs/heads/master refs/remotes/master
> git for-each-ref --sort -committerdate --format %(refname) %(objectname) %(*objectname)
> git remote --verbose
> git config --get commit.template
> git ls-tree -l HEAD -- /home/dimas/Nextcloud/Linux/dotfiles/config/polybar/config
> git ls-files --stage -- /home/dimas/Nextcloud/Linux/dotfiles/config/polybar/config
> git cat-file -s fa211bb7b8a64c324941dabd6e5f168aa71bca36
> git show --textconv HEAD:config/polybar/config
> git show --textconv :config/polybar/config
> git status -z -u
> git symbolic-ref --short HEAD
> git for-each-ref --format=%(refname)%00%(upstream:short)%00%(upstream:track)%00%(objectname) refs/heads/master refs/remotes/master
> git for-each-ref --sort -committerdate --format %(refname) %(objectname) %(*objectname)
> git remote --verbose
> git config --get commit.template
> git push origin master:master
> git ls-tree -l HEAD -- /home/dimas/Nextcloud/Linux/dotfiles/config/polybar/config
> git ls-files --stage -- /home/dimas/Nextcloud/Linux/dotfiles/config/polybar/config
> git cat-file -s fa211bb7b8a64c324941dabd6e5f168aa71bca36
> git ls-tree -l HEAD -- /home/dimas/Nextcloud/Linux/dotfiles/config/polybar/config
> git ls-files --stage -- /home/dimas/Nextcloud/Linux/dotfiles/config/polybar/config
> git cat-file -s fa211bb7b8a64c324941dabd6e5f168aa71bca36
To https://github.com/Waxmatuct/dotfiles.git
   adcf5c2..dded533  master -> master
> git status -z -u
> git symbolic-ref --short HEAD
> git for-each-ref --format=%(refname)%00%(upstream:short)%00%(upstream:track)%00%(objectname) refs/heads/master refs/remotes/master
> git for-each-ref --sort -committerdate --format %(refname) %(objectname) %(*objectname)
> git remote --verbose
> git config --get commit.template
> git ls-tree -l HEAD -- /home/dimas/Nextcloud/Linux/dotfiles/config/polybar/config
> git ls-files --stage -- /home/dimas/Nextcloud/Linux/dotfiles/config/polybar/config
> git cat-file -s fa211bb7b8a64c324941dabd6e5f168aa71bca36
> git ls-tree -l HEAD -- /home/dimas/Nextcloud/Linux/dotfiles/config/polybar/config
> git ls-files --stage -- /home/dimas/Nextcloud/Linux/dotfiles/config/polybar/config
> git show --textconv HEAD:config/polybar/config
> git cat-file -s fa211bb7b8a64c324941dabd6e5f168aa71bca36
> git show --textconv HEAD:config/polybar/config
> git show --textconv :config/polybar/config
> git show --textconv :config/polybar/config
> git status -z -u
> git symbolic-ref --short HEAD
> git for-each-ref --format=%(refname)%00%(upstream:short)%00%(upstream:track)%00%(objectname) refs/heads/master refs/remotes/master
> git for-each-ref --sort -committerdate --format %(refname) %(objectname) %(*objectname)
> git remote --verbose
> git config --get commit.template
> git fetch
> git status -z -u
> git symbolic-ref --short HEAD
> git for-each-ref --format=%(refname)%00%(upstream:short)%00%(upstream:track)%00%(objectname) refs/heads/master refs/remotes/master
> git for-each-ref --sort -committerdate --format %(refname) %(objectname) %(*objectname)
> git remote --verbose
> git config --get commit.template
> git ls-tree -l HEAD -- /home/dimas/Nextcloud/Linux/dotfiles/config/polybar/config
> git ls-files --stage -- /home/dimas/Nextcloud/Linux/dotfiles/config/polybar/config
> git cat-file -s fa211bb7b8a64c324941dabd6e5f168aa71bca36
> git show --textconv HEAD:config/polybar/config
> git show --textconv :config/polybar/config
> git status -z -u
> git symbolic-ref --short HEAD
> git for-each-ref --format=%(refname)%00%(upstream:short)%00%(upstream:track)%00%(objectname) refs/heads/master refs/remotes/master
> git for-each-ref --sort -committerdate --format %(refname) %(objectname) %(*objectname)
> git remote --verbose
> git config --get commit.template
> git ls-tree -l HEAD -- /home/dimas/Nextcloud/Linux/dotfiles/config/polybar/config
> git ls-files --stage -- /home/dimas/Nextcloud/Linux/dotfiles/config/polybar/config
> git cat-file -s fa211bb7b8a64c324941dabd6e5f168aa71bca36
> git ls-tree -l HEAD -- /home/dimas/Nextcloud/Linux/dotfiles/config/polybar/config
> git ls-files --stage -- /home/dimas/Nextcloud/Linux/dotfiles/config/polybar/config
> git fetch
> git cat-file -s fa211bb7b8a64c324941dabd6e5f168aa71bca36
> git status -z -u
> git symbolic-ref --short HEAD
> git for-each-ref --format=%(refname)%00%(upstream:short)%00%(upstream:track)%00%(objectname) refs/heads/master refs/remotes/master
> git for-each-ref --sort -committerdate --format %(refname) %(objectname) %(*objectname)
> git remote --verbose
> git config --get commit.template
